F:\GAMES\PIGROLL2\COCOS2D\COCOS\2D\DEBUG.WIN32\CCRENDERER.OBJ
F:\GAMES\PIGROLL2\COCOS2D\COCOS\2D\DEBUG.WIN32\CCRENDERTEXTURE.OBJ
F:\GAMES\FLAPPYBIRD\COCOS2D\COCOS\2D\DEBUG.WIN32\UNZIP.OBJ
F:\GAMES\FLAPPYBIRD\COCOS2D\COCOS\2D\DEBUG.WIN32\ETC1.OBJ
F:\GAMES\FLAPPYBIRD\COCOS2D\COCOS\2D\DEBUG.WIN32\S3TC.OBJ
F:\GAMES\FLAPPYBIRD\COCOS2D\COCOS\2D\DEBUG.WIN32\RAY2.OBJ
F:\GAMES\FLAPPYBIRD\COCOS2D\COCOS\2D\DEBUG.WIN32\VEC3.OBJ
F:\GAMES\FLAPPYBIRD\COCOS2D\COCOS\2D\DEBUG.WIN32\CCPHYSICSSHAPE.OBJ
F:\GAMES\FLAPPYBIRD\COCOS2D\COCOS\2D\DEBUG.WIN32\CCACTIONPROGRESSTIMER.OBJ
F:\GAMES\FLAPPYBIRD\COCOS2D\COCOS\2D\DEBUG.WIN32\CCDRAWINGPRIMITIVES.OBJ
F:\GAMES\FLAPPYBIRD\COCOS2D\COCOS\2D\DEBUG.WIN32\CCGLPROGRAM.OBJ
F:\GAMES\FLAPPYBIRD\COCOS2D\COCOS\2D\DEBUG.WIN32\CCNODE.OBJ
F:\GAMES\FLAPPYBIRD\COCOS2D\COCOS\2D\DEBUG.WIN32\CCSPRITE.OBJ
F:\GAMES\FLAPPYBIRD\COCOS2D\COCOS\2D\DEBUG.WIN32\CCUTILS.OBJ
F:\GAMES\FLAPPYBIRD\COCOS2D\COCOS\2D\DEBUG.WIN32\CCVERTEX.OBJ
F:\GAMES\FLAPPYBIRD\COCOS2D\COCOS\2D\DEBUG.WIN32\CCMATERIALMANAGER.OBJ
F:\GAMES\FLAPPYBIRD\COCOS2D\COCOS\2D\DEBUG.WIN32\CCAFFINETRANSFORM.OBJ
F:\GAMES\FLAPPYBIRD\COCOS2D\COCOS\2D\DEBUG.WIN32\CCPHYSICSWORLD.OBJ
F:\GAMES\FLAPPYBIRD\COCOS2D\COCOS\2D\DEBUG.WIN32\CCATLASNODE.OBJ
F:\GAMES\FLAPPYBIRD\COCOS2D\COCOS\2D\DEBUG.WIN32\CCEVENTLISTENERKEYBOARD.OBJ
F:\GAMES\FLAPPYBIRD\COCOS2D\COCOS\2D\DEBUG.WIN32\CCIMEDISPATCHER.OBJ
F:\GAMES\FLAPPYBIRD\COCOS2D\COCOS\2D\DEBUG.WIN32\CCMENU.OBJ
F:\GAMES\FLAPPYBIRD\COCOS2D\COCOS\2D\DEBUG.WIN32\CCSPRITEFRAME.OBJ
F:\GAMES\FLAPPYBIRD\COCOS2D\COCOS\2D\DEBUG.WIN32\CCTYPES.OBJ
F:\GAMES\FLAPPYBIRD\COCOS2D\COCOS\2D\DEBUG.WIN32\CCAPPLICATION.OBJ
F:\GAMES\FLAPPYBIRD\COCOS2D\COCOS\2D\DEBUG.WIN32\IOAPI.OBJ
F:\GAMES\FLAPPYBIRD\COCOS2D\COCOS\2D\DEBUG.WIN32\CCVALUE.OBJ
F:\GAMES\FLAPPYBIRD\COCOS2D\COCOS\2D\DEBUG.WIN32\CCACTIONPAGETURN3D.OBJ
F:\GAMES\FLAPPYBIRD\COCOS2D\COCOS\2D\DEBUG.WIN32\CCEVENT.OBJ
F:\GAMES\FLAPPYBIRD\COCOS2D\COCOS\2D\DEBUG.WIN32\CCEVENTDISPATCHER.OBJ
F:\GAMES\FLAPPYBIRD\COCOS2D\COCOS\2D\DEBUG.WIN32\CCLABELTEXTFORMATTER.OBJ
F:\GAMES\FLAPPYBIRD\COCOS2D\COCOS\2D\DEBUG.WIN32\CCRENDERTEXTURE.OBJ
F:\GAMES\FLAPPYBIRD\COCOS2D\COCOS\2D\DEBUG.WIN32\CCTRANSITION.OBJ
F:\GAMES\FLAPPYBIRD\COCOS2D\COCOS\2D\DEBUG.WIN32\TRANSFORMUTILS.OBJ
F:\GAMES\FLAPPYBIRD\COCOS2D\COCOS\2D\DEBUG.WIN32\CCDATA.OBJ
F:\GAMES\FLAPPYBIRD\COCOS2D\COCOS\2D\DEBUG.WIN32\CCPHYSICSJOINTINFO_CHIPMUNK.OBJ
F:\GAMES\FLAPPYBIRD\COCOS2D\COCOS\2D\DEBUG.WIN32\CCACTIONGRID.OBJ
F:\GAMES\FLAPPYBIRD\COCOS2D\COCOS\2D\DEBUG.WIN32\CCDIRECTOR.OBJ
F:\GAMES\FLAPPYBIRD\COCOS2D\COCOS\2D\DEBUG.WIN32\CCNODEGRID.OBJ
F:\GAMES\FLAPPYBIRD\COCOS2D\COCOS\2D\DEBUG.WIN32\CCPARALLAXNODE.OBJ
F:\GAMES\FLAPPYBIRD\COCOS2D\COCOS\2D\DEBUG.WIN32\CCSHADERCACHE.OBJ
F:\GAMES\FLAPPYBIRD\COCOS2D\COCOS\2D\DEBUG.WIN32\CCTRANSITIONPAGETURN.OBJ
F:\GAMES\FLAPPYBIRD\COCOS2D\COCOS\2D\DEBUG.WIN32\CCFILEUTILSWIN32.OBJ
F:\GAMES\FLAPPYBIRD\COCOS2D\COCOS\2D\DEBUG.WIN32\CCAUTORELEASEPOOL.OBJ
F:\GAMES\FLAPPYBIRD\COCOS2D\COCOS\2D\DEBUG.WIN32\CCPHYSICSCONTACTINFO_CHIPMUNK.OBJ
F:\GAMES\FLAPPYBIRD\COCOS2D\COCOS\2D\DEBUG.WIN32\BASE64.OBJ
F:\GAMES\FLAPPYBIRD\COCOS2D\COCOS\2D\DEBUG.WIN32\CCACTION.OBJ
F:\GAMES\FLAPPYBIRD\COCOS2D\COCOS\2D\DEBUG.WIN32\CCCARRAY.OBJ
F:\GAMES\FLAPPYBIRD\COCOS2D\COCOS\2D\DEBUG.WIN32\CCEVENTKEYBOARD.OBJ
F:\GAMES\FLAPPYBIRD\COCOS2D\COCOS\2D\DEBUG.WIN32\CCEVENTLISTENERCUSTOM.OBJ
F:\GAMES\FLAPPYBIRD\COCOS2D\COCOS\2D\DEBUG.WIN32\CCFPSIMAGES.OBJ
F:\GAMES\FLAPPYBIRD\COCOS2D\COCOS\2D\DEBUG.WIN32\CCGRABBER.OBJ
F:\GAMES\FLAPPYBIRD\COCOS2D\COCOS\2D\DEBUG.WIN32\CCLAYER.OBJ
F:\GAMES\FLAPPYBIRD\COCOS2D\COCOS\2D\DEBUG.WIN32\CCTEXTURECACHE.OBJ
F:\GAMES\FLAPPYBIRD\COCOS2D\COCOS\2D\DEBUG.WIN32\CCIMAGE.OBJ
F:\GAMES\FLAPPYBIRD\COCOS2D\COCOS\2D\DEBUG.WIN32\CCRENDERCOMMAND.OBJ
F:\GAMES\FLAPPYBIRD\COCOS2D\COCOS\2D\DEBUG.WIN32\EDTAA3FUNC.OBJ
F:\GAMES\FLAPPYBIRD\COCOS2D\COCOS\2D\DEBUG.WIN32\CCSTRING.OBJ
F:\GAMES\FLAPPYBIRD\COCOS2D\COCOS\2D\DEBUG.WIN32\CCACTIONCATMULLROM.OBJ
F:\GAMES\FLAPPYBIRD\COCOS2D\COCOS\2D\DEBUG.WIN32\CCCONFIGURATION.OBJ
F:\GAMES\FLAPPYBIRD\COCOS2D\COCOS\2D\DEBUG.WIN32\CCEVENTMOUSE.OBJ
F:\GAMES\FLAPPYBIRD\COCOS2D\COCOS\2D\DEBUG.WIN32\CCFONTFNT.OBJ
F:\GAMES\FLAPPYBIRD\COCOS2D\COCOS\2D\DEBUG.WIN32\CCPARTICLESYSTEMQUAD.OBJ
F:\GAMES\FLAPPYBIRD\COCOS2D\COCOS\2D\DEBUG.WIN32\CCTEXTURE2D.OBJ
F:\GAMES\FLAPPYBIRD\COCOS2D\COCOS\2D\DEBUG.WIN32\CCUTF8.OBJ
F:\GAMES\FLAPPYBIRD\COCOS2D\COCOS\2D\DEBUG.WIN32\CCBATCHCOMMAND.OBJ
F:\GAMES\FLAPPYBIRD\COCOS2D\COCOS\2D\DEBUG.WIN32\CCGEOMETRY.OBJ
F:\GAMES\FLAPPYBIRD\COCOS2D\COCOS\2D\DEBUG.WIN32\CCPHYSICSBODYINFO_CHIPMUNK.OBJ
F:\GAMES\FLAPPYBIRD\COCOS2D\COCOS\2D\DEBUG.WIN32\CCPHYSICSWORLDINFO_CHIPMUNK.OBJ
F:\GAMES\FLAPPYBIRD\COCOS2D\COCOS\2D\DEBUG.WIN32\CCANIMATION.OBJ
F:\GAMES\FLAPPYBIRD\COCOS2D\COCOS\2D\DEBUG.WIN32\CCEVENTLISTENERTOUCH.OBJ
F:\GAMES\FLAPPYBIRD\COCOS2D\COCOS\2D\DEBUG.WIN32\CCLABEL.OBJ
F:\GAMES\FLAPPYBIRD\COCOS2D\COCOS\2D\DEBUG.WIN32\CCSCENE.OBJ
F:\GAMES\FLAPPYBIRD\COCOS2D\COCOS\2D\DEBUG.WIN32\CCTMXTILEDMAP.OBJ
F:\GAMES\FLAPPYBIRD\COCOS2D\COCOS\2D\DEBUG.WIN32\CCCOMMON.OBJ
F:\GAMES\FLAPPYBIRD\COCOS2D\COCOS\2D\DEBUG.WIN32\CCFRUSTUM.OBJ
F:\GAMES\FLAPPYBIRD\COCOS2D\COCOS\2D\DEBUG.WIN32\CCARRAY.OBJ
F:\GAMES\FLAPPYBIRD\COCOS2D\COCOS\2D\DEBUG.WIN32\CCACTIONCAMERA.OBJ
F:\GAMES\FLAPPYBIRD\COCOS2D\COCOS\2D\DEBUG.WIN32\CCCLIPPINGNODE.OBJ
F:\GAMES\FLAPPYBIRD\COCOS2D\COCOS\2D\DEBUG.WIN32\CCEVENTTOUCH.OBJ
F:\GAMES\FLAPPYBIRD\COCOS2D\COCOS\2D\DEBUG.WIN32\CCLABELATLAS.OBJ
F:\GAMES\FLAPPYBIRD\COCOS2D\COCOS\2D\DEBUG.WIN32\CCPROGRESSTIMER.OBJ
F:\GAMES\FLAPPYBIRD\COCOS2D\COCOS\2D\DEBUG.WIN32\CCTMXXMLPARSER.OBJ
F:\GAMES\FLAPPYBIRD\COCOS2D\COCOS\2D\DEBUG.WIN32\CCSTDC.OBJ
F:\GAMES\FLAPPYBIRD\COCOS2D\COCOS\2D\DEBUG.WIN32\CCGROUPCOMMAND.OBJ
F:\GAMES\FLAPPYBIRD\COCOS2D\COCOS\2D\DEBUG.WIN32\ATITC.OBJ
F:\GAMES\FLAPPYBIRD\COCOS2D\COCOS\2D\DEBUG.WIN32\MAT4STACK.OBJ
F:\GAMES\FLAPPYBIRD\COCOS2D\COCOS\2D\DEBUG.WIN32\MAT3.OBJ
F:\GAMES\FLAPPYBIRD\COCOS2D\COCOS\2D\DEBUG.WIN32\MAT4.OBJ
F:\GAMES\FLAPPYBIRD\COCOS2D\COCOS\2D\DEBUG.WIN32\RAY3.OBJ
F:\GAMES\FLAPPYBIRD\COCOS2D\COCOS\2D\DEBUG.WIN32\VEC2.OBJ
F:\GAMES\FLAPPYBIRD\COCOS2D\COCOS\2D\DEBUG.WIN32\CCPHYSICSCONTACT.OBJ
F:\GAMES\FLAPPYBIRD\COCOS2D\COCOS\2D\DEBUG.WIN32\CCACTIONMANAGER.OBJ
F:\GAMES\FLAPPYBIRD\COCOS2D\COCOS\2D\DEBUG.WIN32\CCCOMPONENTCONTAINER.OBJ
F:\GAMES\FLAPPYBIRD\COCOS2D\COCOS\2D\DEBUG.WIN32\CCFONTCHARMAP.OBJ
F:\GAMES\FLAPPYBIRD\COCOS2D\COCOS\2D\DEBUG.WIN32\CCPARTICLEBATCHNODE.OBJ
F:\GAMES\FLAPPYBIRD\COCOS2D\COCOS\2D\DEBUG.WIN32\CCTEXTUREATLAS.OBJ
F:\GAMES\FLAPPYBIRD\COCOS2D\COCOS\2D\DEBUG.WIN32\CCUSERDEFAULT.OBJ
F:\GAMES\FLAPPYBIRD\COCOS2D\COCOS\2D\DEBUG.WIN32\CCCUSTOMCOMMAND.OBJ
F:\GAMES\FLAPPYBIRD\COCOS2D\COCOS\2D\DEBUG.WIN32\CCNS.OBJ
F:\GAMES\FLAPPYBIRD\COCOS2D\COCOS\2D\DEBUG.WIN32\CCPHYSICSSHAPEINFO_CHIPMUNK.OBJ
F:\GAMES\FLAPPYBIRD\COCOS2D\COCOS\2D\DEBUG.WIN32\CCACTIONINSTANT.OBJ
F:\GAMES\FLAPPYBIRD\COCOS2D\COCOS\2D\DEBUG.WIN32\CCCOMPONENT.OBJ
F:\GAMES\FLAPPYBIRD\COCOS2D\COCOS\2D\DEBUG.WIN32\CCDRAWNODE.OBJ
F:\GAMES\FLAPPYBIRD\COCOS2D\COCOS\2D\DEBUG.WIN32\CCGLSTATECACHE.OBJ
F:\GAMES\FLAPPYBIRD\COCOS2D\COCOS\2D\DEBUG.WIN32\CCNOTIFICATIONCENTER.OBJ
F:\GAMES\FLAPPYBIRD\COCOS2D\COCOS\2D\DEBUG.WIN32\CCSCRIPTSUPPORT.OBJ
F:\GAMES\FLAPPYBIRD\COCOS2D\COCOS\2D\DEBUG.WIN32\CCTMXOBJECTGROUP.OBJ
F:\GAMES\FLAPPYBIRD\COCOS2D\COCOS\2D\DEBUG.WIN32\CCTHREAD.OBJ
F:\GAMES\FLAPPYBIRD\COCOS2D\COCOS\2D\DEBUG.WIN32\ZIPUTILS.OBJ
F:\GAMES\FLAPPYBIRD\COCOS2D\COCOS\2D\DEBUG.WIN32\CCREF.OBJ
F:\GAMES\FLAPPYBIRD\COCOS2D\COCOS\2D\DEBUG.WIN32\CCACTIONGRID3D.OBJ
F:\GAMES\FLAPPYBIRD\COCOS2D\COCOS\2D\DEBUG.WIN32\CCEVENTACCELERATION.OBJ
F:\GAMES\FLAPPYBIRD\COCOS2D\COCOS\2D\DEBUG.WIN32\CCFONT.OBJ
F:\GAMES\FLAPPYBIRD\COCOS2D\COCOS\2D\DEBUG.WIN32\CCLABELTTF.OBJ
F:\GAMES\FLAPPYBIRD\COCOS2D\COCOS\2D\DEBUG.WIN32\CCSCHEDULER.OBJ
F:\GAMES\FLAPPYBIRD\COCOS2D\COCOS\2D\DEBUG.WIN32\CCTOUCH.OBJ
F:\GAMES\FLAPPYBIRD\COCOS2D\COCOS\2D\DEBUG.WIN32\CCGLVIEW.OBJ
F:\GAMES\FLAPPYBIRD\COCOS2D\COCOS\2D\DEBUG.WIN32\CCCONSOLE.OBJ
F:\GAMES\FLAPPYBIRD\COCOS2D\COCOS\2D\DEBUG.WIN32\CCANIMATIONCACHE.OBJ
F:\GAMES\FLAPPYBIRD\COCOS2D\COCOS\2D\DEBUG.WIN32\CCEVENTLISTENERMOUSE.OBJ
F:\GAMES\FLAPPYBIRD\COCOS2D\COCOS\2D\DEBUG.WIN32\CCFONTFREETYPE.OBJ
F:\GAMES\FLAPPYBIRD\COCOS2D\COCOS\2D\DEBUG.WIN32\CCPARTICLEEXAMPLES.OBJ
F:\GAMES\FLAPPYBIRD\COCOS2D\COCOS\2D\DEBUG.WIN32\CCSPRITEFRAMECACHE.OBJ
F:\GAMES\FLAPPYBIRD\COCOS2D\COCOS\2D\DEBUG.WIN32\CCGLVIEWPROTOCOL.OBJ
F:\GAMES\FLAPPYBIRD\COCOS2D\COCOS\2D\DEBUG.WIN32\CCRENDERMATERIAL.OBJ
F:\GAMES\FLAPPYBIRD\COCOS2D\COCOS\2D\DEBUG.WIN32\TGALIB.OBJ
F:\GAMES\FLAPPYBIRD\COCOS2D\COCOS\2D\DEBUG.WIN32\CCDICTIONARY.OBJ
F:\GAMES\FLAPPYBIRD\COCOS2D\COCOS\2D\DEBUG.WIN32\CCACTIONEASE.OBJ
F:\GAMES\FLAPPYBIRD\COCOS2D\COCOS\2D\DEBUG.WIN32\CCDEPRECATED.OBJ
F:\GAMES\FLAPPYBIRD\COCOS2D\COCOS\2D\DEBUG.WIN32\CCLABELBMFONT.OBJ
F:\GAMES\FLAPPYBIRD\COCOS2D\COCOS\2D\DEBUG.WIN32\CCPROFILING.OBJ
F:\GAMES\FLAPPYBIRD\COCOS2D\COCOS\2D\DEBUG.WIN32\CCTILEMAPATLAS.OBJ
F:\GAMES\FLAPPYBIRD\COCOS2D\COCOS\2D\DEBUG.WIN32\COCOS2D.OBJ
F:\GAMES\FLAPPYBIRD\COCOS2D\COCOS\2D\DEBUG.WIN32\CCFILEUTILS.OBJ
F:\GAMES\FLAPPYBIRD\COCOS2D\COCOS\2D\DEBUG.WIN32\CCDATAVISITOR.OBJ
F:\GAMES\FLAPPYBIRD\COCOS2D\COCOS\2D\DEBUG.WIN32\CCACTIONINTERVAL.OBJ
F:\GAMES\FLAPPYBIRD\COCOS2D\COCOS\2D\DEBUG.WIN32\CCEVENTCUSTOM.OBJ
F:\GAMES\FLAPPYBIRD\COCOS2D\COCOS\2D\DEBUG.WIN32\CCFONTATLAS.OBJ
F:\GAMES\FLAPPYBIRD\COCOS2D\COCOS\2D\DEBUG.WIN32\CCMENUITEM.OBJ
F:\GAMES\FLAPPYBIRD\COCOS2D\COCOS\2D\DEBUG.WIN32\CCTEXTFIELDTTF.OBJ
F:\GAMES\FLAPPYBIRD\COCOS2D\COCOS\2D\DEBUG.WIN32\CCTRANSITIONPROGRESS.OBJ
F:\GAMES\FLAPPYBIRD\COCOS2D\COCOS\2D\DEBUG.WIN32\CCQUADCOMMAND.OBJ
F:\GAMES\FLAPPYBIRD\COCOS2D\COCOS\2D\DEBUG.WIN32\TINYXML2.OBJ
F:\GAMES\FLAPPYBIRD\COCOS2D\COCOS\2D\DEBUG.WIN32\AABB.OBJ
F:\GAMES\FLAPPYBIRD\COCOS2D\COCOS\2D\DEBUG.WIN32\MATRIX.OBJ
F:\GAMES\FLAPPYBIRD\COCOS2D\COCOS\2D\DEBUG.WIN32\NEON_MATRIX_IMPL.OBJ
F:\GAMES\FLAPPYBIRD\COCOS2D\COCOS\2D\DEBUG.WIN32\PLANE.OBJ
F:\GAMES\FLAPPYBIRD\COCOS2D\COCOS\2D\DEBUG.WIN32\CCPHYSICSBODY.OBJ
F:\GAMES\FLAPPYBIRD\COCOS2D\COCOS\2D\DEBUG.WIN32\CCACTIONTILEDGRID.OBJ
F:\GAMES\FLAPPYBIRD\COCOS2D\COCOS\2D\DEBUG.WIN32\CCEVENTLISTENER.OBJ
F:\GAMES\FLAPPYBIRD\COCOS2D\COCOS\2D\DEBUG.WIN32\CCFONTATLASCACHE.OBJ
F:\GAMES\FLAPPYBIRD\COCOS2D\COCOS\2D\DEBUG.WIN32\CCMOTIONSTREAK.OBJ
F:\GAMES\FLAPPYBIRD\COCOS2D\COCOS\2D\DEBUG.WIN32\CCSHADERS.OBJ
F:\GAMES\FLAPPYBIRD\COCOS2D\COCOS\2D\DEBUG.WIN32\CCSPRITEBATCHNODE.OBJ
F:\GAMES\FLAPPYBIRD\COCOS2D\COCOS\2D\DEBUG.WIN32\CCTWEENFUNCTION.OBJ
F:\GAMES\FLAPPYBIRD\COCOS2D\COCOS\2D\DEBUG.WIN32\CCDEVICE.OBJ
F:\GAMES\FLAPPYBIRD\COCOS2D\COCOS\2D\DEBUG.WIN32\CCSET.OBJ
F:\GAMES\FLAPPYBIRD\COCOS2D\COCOS\2D\DEBUG.WIN32\QUATERNION.OBJ
F:\GAMES\FLAPPYBIRD\COCOS2D\COCOS\2D\DEBUG.WIN32\UTILITY.OBJ
F:\GAMES\FLAPPYBIRD\COCOS2D\COCOS\2D\DEBUG.WIN32\VEC4.OBJ
F:\GAMES\FLAPPYBIRD\COCOS2D\COCOS\2D\DEBUG.WIN32\CCPHYSICSJOINT.OBJ
F:\GAMES\FLAPPYBIRD\COCOS2D\COCOS\2D\DEBUG.WIN32\CCACTIONTWEEN.OBJ
F:\GAMES\FLAPPYBIRD\COCOS2D\COCOS\2D\DEBUG.WIN32\CCEVENTLISTENERACCELERATION.OBJ
F:\GAMES\FLAPPYBIRD\COCOS2D\COCOS\2D\DEBUG.WIN32\CCGRID.OBJ
F:\GAMES\FLAPPYBIRD\COCOS2D\COCOS\2D\DEBUG.WIN32\CCPARTICLESYSTEM.OBJ
F:\GAMES\FLAPPYBIRD\COCOS2D\COCOS\2D\DEBUG.WIN32\CCTMXLAYER.OBJ
F:\GAMES\FLAPPYBIRD\COCOS2D\COCOS\2D\DEBUG.WIN32\CCSAXPARSER.OBJ
F:\GAMES\FLAPPYBIRD\COCOS2D\COCOS\2D\DEBUG.WIN32\CCRENDERER.OBJ
F:\GAMES\PIGROLL2\PROJ.WIN32\DEBUG.WIN32\LIBCOCOS2D.LIB
F:\GAMES\FLAPPYBIRD\PROJ.WIN32\DEBUG.WIN32\LIBCOCOS2D.LIB
F:\Games\FlappyBird\cocos2d\cocos\2d\Debug.win32\aabb.obj
F:\Games\FlappyBird\cocos2d\cocos\2d\Debug.win32\atitc.obj
F:\Games\FlappyBird\cocos2d\cocos\2d\Debug.win32\base64.obj
F:\Games\FlappyBird\cocos2d\cocos\2d\Debug.win32\CCAction.obj
F:\Games\FlappyBird\cocos2d\cocos\2d\Debug.win32\CCActionCamera.obj
F:\Games\FlappyBird\cocos2d\cocos\2d\Debug.win32\CCActionCatmullRom.obj
F:\Games\FlappyBird\cocos2d\cocos\2d\Debug.win32\CCActionEase.obj
F:\Games\FlappyBird\cocos2d\cocos\2d\Debug.win32\CCActionGrid.obj
F:\Games\FlappyBird\cocos2d\cocos\2d\Debug.win32\CCActionGrid3D.obj
F:\Games\FlappyBird\cocos2d\cocos\2d\Debug.win32\CCActionInstant.obj
F:\Games\FlappyBird\cocos2d\cocos\2d\Debug.win32\CCActionInterval.obj
F:\Games\FlappyBird\cocos2d\cocos\2d\Debug.win32\CCActionManager.obj
F:\Games\FlappyBird\cocos2d\cocos\2d\Debug.win32\CCActionPageTurn3D.obj
F:\Games\FlappyBird\cocos2d\cocos\2d\Debug.win32\CCActionProgressTimer.obj
F:\Games\FlappyBird\cocos2d\cocos\2d\Debug.win32\CCActionTiledGrid.obj
F:\Games\FlappyBird\cocos2d\cocos\2d\Debug.win32\CCActionTween.obj
F:\Games\FlappyBird\cocos2d\cocos\2d\Debug.win32\CCAffineTransform.obj
F:\Games\FlappyBird\cocos2d\cocos\2d\Debug.win32\CCAnimation.obj
F:\Games\FlappyBird\cocos2d\cocos\2d\Debug.win32\CCAnimationCache.obj
F:\Games\FlappyBird\cocos2d\cocos\2d\Debug.win32\CCApplication.obj
F:\Games\FlappyBird\cocos2d\cocos\2d\Debug.win32\CCArray.obj
F:\Games\FlappyBird\cocos2d\cocos\2d\Debug.win32\CCAtlasNode.obj
F:\Games\FlappyBird\cocos2d\cocos\2d\Debug.win32\CCAutoreleasePool.obj
F:\Games\FlappyBird\cocos2d\cocos\2d\Debug.win32\CCBatchCommand.obj
F:\Games\FlappyBird\cocos2d\cocos\2d\Debug.win32\ccCArray.obj
F:\Games\FlappyBird\cocos2d\cocos\2d\Debug.win32\CCClippingNode.obj
F:\Games\FlappyBird\cocos2d\cocos\2d\Debug.win32\CCCommon.obj
F:\Games\FlappyBird\cocos2d\cocos\2d\Debug.win32\CCComponent.obj
F:\Games\FlappyBird\cocos2d\cocos\2d\Debug.win32\CCComponentContainer.obj
F:\Games\FlappyBird\cocos2d\cocos\2d\Debug.win32\CCConfiguration.obj
F:\Games\FlappyBird\cocos2d\cocos\2d\Debug.win32\CCConsole.obj
F:\Games\FlappyBird\cocos2d\cocos\2d\Debug.win32\CCCustomCommand.obj
F:\Games\FlappyBird\cocos2d\cocos\2d\Debug.win32\CCData.obj
F:\Games\FlappyBird\cocos2d\cocos\2d\Debug.win32\CCDataVisitor.obj
F:\Games\FlappyBird\cocos2d\cocos\2d\Debug.win32\CCDeprecated.obj
F:\Games\FlappyBird\cocos2d\cocos\2d\Debug.win32\CCDevice.obj
F:\Games\FlappyBird\cocos2d\cocos\2d\Debug.win32\CCDictionary.obj
F:\Games\FlappyBird\cocos2d\cocos\2d\Debug.win32\CCDirector.obj
F:\Games\FlappyBird\cocos2d\cocos\2d\Debug.win32\CCDrawingPrimitives.obj
F:\Games\FlappyBird\cocos2d\cocos\2d\Debug.win32\CCDrawNode.obj
F:\Games\FlappyBird\cocos2d\cocos\2d\Debug.win32\CCEvent.obj
F:\Games\FlappyBird\cocos2d\cocos\2d\Debug.win32\CCEventAcceleration.obj
F:\Games\FlappyBird\cocos2d\cocos\2d\Debug.win32\CCEventCustom.obj
F:\Games\FlappyBird\cocos2d\cocos\2d\Debug.win32\CCEventDispatcher.obj
F:\Games\FlappyBird\cocos2d\cocos\2d\Debug.win32\CCEventKeyboard.obj
F:\Games\FlappyBird\cocos2d\cocos\2d\Debug.win32\CCEventListener.obj
F:\Games\FlappyBird\cocos2d\cocos\2d\Debug.win32\CCEventListenerAcceleration.obj
F:\Games\FlappyBird\cocos2d\cocos\2d\Debug.win32\CCEventListenerCustom.obj
F:\Games\FlappyBird\cocos2d\cocos\2d\Debug.win32\CCEventListenerKeyboard.obj
F:\Games\FlappyBird\cocos2d\cocos\2d\Debug.win32\CCEventListenerMouse.obj
F:\Games\FlappyBird\cocos2d\cocos\2d\Debug.win32\CCEventListenerTouch.obj
F:\Games\FlappyBird\cocos2d\cocos\2d\Debug.win32\CCEventMouse.obj
F:\Games\FlappyBird\cocos2d\cocos\2d\Debug.win32\CCEventTouch.obj
F:\Games\FlappyBird\cocos2d\cocos\2d\Debug.win32\CCFileUtils.obj
F:\Games\FlappyBird\cocos2d\cocos\2d\Debug.win32\CCFileUtilsWin32.obj
F:\Games\FlappyBird\cocos2d\cocos\2d\Debug.win32\CCFont.obj
F:\Games\FlappyBird\cocos2d\cocos\2d\Debug.win32\CCFontAtlas.obj
F:\Games\FlappyBird\cocos2d\cocos\2d\Debug.win32\CCFontAtlasCache.obj
F:\Games\FlappyBird\cocos2d\cocos\2d\Debug.win32\CCFontCharMap.obj
F:\Games\FlappyBird\cocos2d\cocos\2d\Debug.win32\CCFontFNT.obj
F:\Games\FlappyBird\cocos2d\cocos\2d\Debug.win32\CCFontFreeType.obj
F:\Games\FlappyBird\cocos2d\cocos\2d\Debug.win32\ccFPSImages.obj
F:\Games\FlappyBird\cocos2d\cocos\2d\Debug.win32\CCFrustum.obj
F:\Games\FlappyBird\cocos2d\cocos\2d\Debug.win32\CCGeometry.obj
F:\Games\FlappyBird\cocos2d\cocos\2d\Debug.win32\CCGLProgram.obj
F:\Games\FlappyBird\cocos2d\cocos\2d\Debug.win32\ccGLStateCache.obj
F:\Games\FlappyBird\cocos2d\cocos\2d\Debug.win32\CCGLView.obj
F:\Games\FlappyBird\cocos2d\cocos\2d\Debug.win32\CCGLViewProtocol.obj
F:\Games\FlappyBird\cocos2d\cocos\2d\Debug.win32\CCGrabber.obj
F:\Games\FlappyBird\cocos2d\cocos\2d\Debug.win32\CCGrid.obj
F:\Games\FlappyBird\cocos2d\cocos\2d\Debug.win32\CCGroupCommand.obj
F:\Games\FlappyBird\cocos2d\cocos\2d\Debug.win32\CCImage.obj
F:\Games\FlappyBird\cocos2d\cocos\2d\Debug.win32\CCIMEDispatcher.obj
F:\Games\FlappyBird\cocos2d\cocos\2d\Debug.win32\CCLabel.obj
F:\Games\FlappyBird\cocos2d\cocos\2d\Debug.win32\CCLabelAtlas.obj
F:\Games\FlappyBird\cocos2d\cocos\2d\Debug.win32\CCLabelBMFont.obj
F:\Games\FlappyBird\cocos2d\cocos\2d\Debug.win32\CCLabelTextFormatter.obj
F:\Games\FlappyBird\cocos2d\cocos\2d\Debug.win32\CCLabelTTF.obj
F:\Games\FlappyBird\cocos2d\cocos\2d\Debug.win32\CCLayer.obj
F:\Games\FlappyBird\cocos2d\cocos\2d\Debug.win32\CCMaterialManager.obj
F:\Games\FlappyBird\cocos2d\cocos\2d\Debug.win32\CCMenu.obj
F:\Games\FlappyBird\cocos2d\cocos\2d\Debug.win32\CCMenuItem.obj
F:\Games\FlappyBird\cocos2d\cocos\2d\Debug.win32\CCMotionStreak.obj
F:\Games\FlappyBird\cocos2d\cocos\2d\Debug.win32\CCNode.obj
F:\Games\FlappyBird\cocos2d\cocos\2d\Debug.win32\CCNodeGrid.obj
F:\Games\FlappyBird\cocos2d\cocos\2d\Debug.win32\CCNotificationCenter.obj
F:\Games\FlappyBird\cocos2d\cocos\2d\Debug.win32\CCNS.obj
F:\Games\FlappyBird\cocos2d\cocos\2d\Debug.win32\CCParallaxNode.obj
F:\Games\FlappyBird\cocos2d\cocos\2d\Debug.win32\CCParticleBatchNode.obj
F:\Games\FlappyBird\cocos2d\cocos\2d\Debug.win32\CCParticleExamples.obj
F:\Games\FlappyBird\cocos2d\cocos\2d\Debug.win32\CCParticleSystem.obj
F:\Games\FlappyBird\cocos2d\cocos\2d\Debug.win32\CCParticleSystemQuad.obj
F:\Games\FlappyBird\cocos2d\cocos\2d\Debug.win32\CCPhysicsBody.obj
F:\Games\FlappyBird\cocos2d\cocos\2d\Debug.win32\CCPhysicsBodyInfo_chipmunk.obj
F:\Games\FlappyBird\cocos2d\cocos\2d\Debug.win32\CCPhysicsContact.obj
F:\Games\FlappyBird\cocos2d\cocos\2d\Debug.win32\CCPhysicsContactInfo_chipmunk.obj
F:\Games\FlappyBird\cocos2d\cocos\2d\Debug.win32\CCPhysicsJoint.obj
F:\Games\FlappyBird\cocos2d\cocos\2d\Debug.win32\CCPhysicsJointInfo_chipmunk.obj
F:\Games\FlappyBird\cocos2d\cocos\2d\Debug.win32\CCPhysicsShape.obj
F:\Games\FlappyBird\cocos2d\cocos\2d\Debug.win32\CCPhysicsShapeInfo_chipmunk.obj
F:\Games\FlappyBird\cocos2d\cocos\2d\Debug.win32\CCPhysicsWorld.obj
F:\Games\FlappyBird\cocos2d\cocos\2d\Debug.win32\CCPhysicsWorldInfo_chipmunk.obj
F:\Games\FlappyBird\cocos2d\cocos\2d\Debug.win32\CCProfiling.obj
F:\Games\FlappyBird\cocos2d\cocos\2d\Debug.win32\CCProgressTimer.obj
F:\Games\FlappyBird\cocos2d\cocos\2d\Debug.win32\CCQuadCommand.obj
F:\Games\FlappyBird\cocos2d\cocos\2d\Debug.win32\CCRef.obj
F:\Games\FlappyBird\cocos2d\cocos\2d\Debug.win32\CCRenderCommand.obj
F:\Games\FlappyBird\cocos2d\cocos\2d\Debug.win32\CCRenderer.obj
F:\Games\FlappyBird\cocos2d\cocos\2d\Debug.win32\CCRenderMaterial.obj
F:\Games\FlappyBird\cocos2d\cocos\2d\Debug.win32\CCRenderTexture.obj
F:\Games\FlappyBird\cocos2d\cocos\2d\Debug.win32\CCSAXParser.obj
F:\Games\FlappyBird\cocos2d\cocos\2d\Debug.win32\CCScene.obj
F:\Games\FlappyBird\cocos2d\cocos\2d\Debug.win32\CCScheduler.obj
F:\Games\FlappyBird\cocos2d\cocos\2d\Debug.win32\CCScriptSupport.obj
F:\Games\FlappyBird\cocos2d\cocos\2d\Debug.win32\CCSet.obj
F:\Games\FlappyBird\cocos2d\cocos\2d\Debug.win32\CCShaderCache.obj
F:\Games\FlappyBird\cocos2d\cocos\2d\Debug.win32\ccShaders.obj
F:\Games\FlappyBird\cocos2d\cocos\2d\Debug.win32\CCSprite.obj
F:\Games\FlappyBird\cocos2d\cocos\2d\Debug.win32\CCSpriteBatchNode.obj
F:\Games\FlappyBird\cocos2d\cocos\2d\Debug.win32\CCSpriteFrame.obj
F:\Games\FlappyBird\cocos2d\cocos\2d\Debug.win32\CCSpriteFrameCache.obj
F:\Games\FlappyBird\cocos2d\cocos\2d\Debug.win32\CCStdC.obj
F:\Games\FlappyBird\cocos2d\cocos\2d\Debug.win32\CCString.obj
F:\Games\FlappyBird\cocos2d\cocos\2d\Debug.win32\CCTextFieldTTF.obj
F:\Games\FlappyBird\cocos2d\cocos\2d\Debug.win32\CCTexture2D.obj
F:\Games\FlappyBird\cocos2d\cocos\2d\Debug.win32\CCTextureAtlas.obj
F:\Games\FlappyBird\cocos2d\cocos\2d\Debug.win32\CCTextureCache.obj
F:\Games\FlappyBird\cocos2d\cocos\2d\Debug.win32\CCThread.obj
F:\Games\FlappyBird\cocos2d\cocos\2d\Debug.win32\CCTileMapAtlas.obj
F:\Games\FlappyBird\cocos2d\cocos\2d\Debug.win32\CCTMXLayer.obj
F:\Games\FlappyBird\cocos2d\cocos\2d\Debug.win32\CCTMXObjectGroup.obj
F:\Games\FlappyBird\cocos2d\cocos\2d\Debug.win32\CCTMXTiledMap.obj
F:\Games\FlappyBird\cocos2d\cocos\2d\Debug.win32\CCTMXXMLParser.obj
F:\Games\FlappyBird\cocos2d\cocos\2d\Debug.win32\CCTouch.obj
F:\Games\FlappyBird\cocos2d\cocos\2d\Debug.win32\CCTransition.obj
F:\Games\FlappyBird\cocos2d\cocos\2d\Debug.win32\CCTransitionPageTurn.obj
F:\Games\FlappyBird\cocos2d\cocos\2d\Debug.win32\CCTransitionProgress.obj
F:\Games\FlappyBird\cocos2d\cocos\2d\Debug.win32\CCTweenFunction.obj
F:\Games\FlappyBird\cocos2d\cocos\2d\Debug.win32\ccTypes.obj
F:\Games\FlappyBird\cocos2d\cocos\2d\Debug.win32\CCUserDefault.obj
F:\Games\FlappyBird\cocos2d\cocos\2d\Debug.win32\ccUTF8.obj
F:\Games\FlappyBird\cocos2d\cocos\2d\Debug.win32\ccUtils.obj
F:\Games\FlappyBird\cocos2d\cocos\2d\Debug.win32\CCValue.obj
F:\Games\FlappyBird\cocos2d\cocos\2d\Debug.win32\CCVertex.obj
F:\Games\FlappyBird\cocos2d\cocos\2d\Debug.win32\cocos2d.obj
F:\Games\FlappyBird\cocos2d\cocos\2d\Debug.win32\edtaa3func.obj
F:\Games\FlappyBird\cocos2d\cocos\2d\Debug.win32\etc1.obj
F:\Games\FlappyBird\cocos2d\cocos\2d\Debug.win32\ioapi.obj
F:\Games\FlappyBird\cocos2d\cocos\2d\Debug.win32\mat3.obj
F:\Games\FlappyBird\cocos2d\cocos\2d\Debug.win32\mat4.obj
F:\Games\FlappyBird\cocos2d\cocos\2d\Debug.win32\mat4stack.obj
F:\Games\FlappyBird\cocos2d\cocos\2d\Debug.win32\matrix.obj
F:\Games\FlappyBird\cocos2d\cocos\2d\Debug.win32\neon_matrix_impl.obj
F:\Games\FlappyBird\cocos2d\cocos\2d\Debug.win32\plane.obj
F:\Games\FlappyBird\cocos2d\cocos\2d\Debug.win32\quaternion.obj
F:\Games\FlappyBird\cocos2d\cocos\2d\Debug.win32\ray2.obj
F:\Games\FlappyBird\cocos2d\cocos\2d\Debug.win32\ray3.obj
F:\Games\FlappyBird\cocos2d\cocos\2d\Debug.win32\s3tc.obj
F:\Games\FlappyBird\cocos2d\cocos\2d\Debug.win32\TGAlib.obj
F:\Games\FlappyBird\cocos2d\cocos\2d\Debug.win32\tinyxml2.obj
F:\Games\FlappyBird\cocos2d\cocos\2d\Debug.win32\TransformUtils.obj
F:\Games\FlappyBird\cocos2d\cocos\2d\Debug.win32\unzip.obj
F:\Games\FlappyBird\cocos2d\cocos\2d\Debug.win32\utility.obj
F:\Games\FlappyBird\cocos2d\cocos\2d\Debug.win32\vec2.obj
F:\Games\FlappyBird\cocos2d\cocos\2d\Debug.win32\vec3.obj
F:\Games\FlappyBird\cocos2d\cocos\2d\Debug.win32\vec4.obj
F:\Games\FlappyBird\cocos2d\cocos\2d\Debug.win32\ZipUtils.obj
F:\Games\FlappyBird\cocos2d\cocos\2d\Debug.win32\CL.10596.read.1.tlog
F:\Games\FlappyBird\cocos2d\cocos\2d\Debug.win32\CL.10596.write.1.tlog
F:\Games\FlappyBird\cocos2d\cocos\2d\Debug.win32\CL.10628.read.1.tlog
F:\Games\FlappyBird\cocos2d\cocos\2d\Debug.win32\CL.10628.write.1.tlog
F:\Games\FlappyBird\cocos2d\cocos\2d\Debug.win32\CL.10860.read.1.tlog
F:\Games\FlappyBird\cocos2d\cocos\2d\Debug.win32\CL.10860.write.1.tlog
F:\Games\FlappyBird\cocos2d\cocos\2d\Debug.win32\CL.11324.read.1.tlog
F:\Games\FlappyBird\cocos2d\cocos\2d\Debug.win32\CL.11324.write.1.tlog
F:\Games\FlappyBird\cocos2d\cocos\2d\Debug.win32\CL.11356.read.1.tlog
F:\Games\FlappyBird\cocos2d\cocos\2d\Debug.win32\CL.11356.write.1.tlog
F:\Games\FlappyBird\cocos2d\cocos\2d\Debug.win32\CL.12192.read.1.tlog
F:\Games\FlappyBird\cocos2d\cocos\2d\Debug.win32\CL.12192.write.1.tlog
F:\Games\FlappyBird\cocos2d\cocos\2d\Debug.win32\CL.12684.read.1.tlog
F:\Games\FlappyBird\cocos2d\cocos\2d\Debug.win32\CL.12684.write.1.tlog
F:\Games\FlappyBird\cocos2d\cocos\2d\Debug.win32\CL.13208.read.1.tlog
F:\Games\FlappyBird\cocos2d\cocos\2d\Debug.win32\CL.13208.write.1.tlog
F:\Games\FlappyBird\cocos2d\cocos\2d\Debug.win32\CL.13608.read.1.tlog
F:\Games\FlappyBird\cocos2d\cocos\2d\Debug.win32\CL.13608.write.1.tlog
F:\Games\FlappyBird\cocos2d\cocos\2d\Debug.win32\CL.14192.read.1.tlog
F:\Games\FlappyBird\cocos2d\cocos\2d\Debug.win32\CL.14192.write.1.tlog
F:\Games\FlappyBird\cocos2d\cocos\2d\Debug.win32\CL.1536.read.1.tlog
F:\Games\FlappyBird\cocos2d\cocos\2d\Debug.win32\CL.1536.write.1.tlog
F:\Games\FlappyBird\cocos2d\cocos\2d\Debug.win32\CL.15956.read.1.tlog
F:\Games\FlappyBird\cocos2d\cocos\2d\Debug.win32\CL.15956.write.1.tlog
F:\Games\FlappyBird\cocos2d\cocos\2d\Debug.win32\CL.17024.read.1.tlog
F:\Games\FlappyBird\cocos2d\cocos\2d\Debug.win32\CL.17024.write.1.tlog
F:\Games\FlappyBird\cocos2d\cocos\2d\Debug.win32\CL.17228.read.1.tlog
F:\Games\FlappyBird\cocos2d\cocos\2d\Debug.win32\CL.17228.write.1.tlog
F:\Games\FlappyBird\cocos2d\cocos\2d\Debug.win32\CL.17676.read.1.tlog
F:\Games\FlappyBird\cocos2d\cocos\2d\Debug.win32\CL.17676.write.1.tlog
F:\Games\FlappyBird\cocos2d\cocos\2d\Debug.win32\CL.20800.read.1.tlog
F:\Games\FlappyBird\cocos2d\cocos\2d\Debug.win32\CL.20800.write.1.tlog
F:\Games\FlappyBird\cocos2d\cocos\2d\Debug.win32\CL.21004.read.1.tlog
F:\Games\FlappyBird\cocos2d\cocos\2d\Debug.win32\CL.21004.write.1.tlog
F:\Games\FlappyBird\cocos2d\cocos\2d\Debug.win32\CL.21300.read.1.tlog
F:\Games\FlappyBird\cocos2d\cocos\2d\Debug.win32\CL.21300.write.1.tlog
F:\Games\FlappyBird\cocos2d\cocos\2d\Debug.win32\CL.2144.read.1.tlog
F:\Games\FlappyBird\cocos2d\cocos\2d\Debug.win32\CL.2144.write.1.tlog
F:\Games\FlappyBird\cocos2d\cocos\2d\Debug.win32\CL.2192.read.1.tlog
F:\Games\FlappyBird\cocos2d\cocos\2d\Debug.win32\CL.2192.write.1.tlog
F:\Games\FlappyBird\cocos2d\cocos\2d\Debug.win32\CL.23280.read.1.tlog
F:\Games\FlappyBird\cocos2d\cocos\2d\Debug.win32\CL.23280.write.1.tlog
F:\Games\FlappyBird\cocos2d\cocos\2d\Debug.win32\CL.23684.read.1.tlog
F:\Games\FlappyBird\cocos2d\cocos\2d\Debug.win32\CL.23684.write.1.tlog
F:\Games\FlappyBird\cocos2d\cocos\2d\Debug.win32\CL.24004.read.1.tlog
F:\Games\FlappyBird\cocos2d\cocos\2d\Debug.win32\CL.24004.write.1.tlog
F:\Games\FlappyBird\cocos2d\cocos\2d\Debug.win32\CL.5908.read.1.tlog
F:\Games\FlappyBird\cocos2d\cocos\2d\Debug.win32\CL.5908.write.1.tlog
F:\Games\FlappyBird\cocos2d\cocos\2d\Debug.win32\CL.6300.read.1.tlog
F:\Games\FlappyBird\cocos2d\cocos\2d\Debug.win32\CL.6300.write.1.tlog
F:\Games\FlappyBird\cocos2d\cocos\2d\Debug.win32\CL.7432.read.1.tlog
F:\Games\FlappyBird\cocos2d\cocos\2d\Debug.win32\CL.7432.write.1.tlog
F:\Games\FlappyBird\cocos2d\cocos\2d\Debug.win32\CL.7512.read.1.tlog
F:\Games\FlappyBird\cocos2d\cocos\2d\Debug.win32\CL.7512.write.1.tlog
F:\Games\FlappyBird\cocos2d\cocos\2d\Debug.win32\CL.8048.read.1.tlog
F:\Games\FlappyBird\cocos2d\cocos\2d\Debug.win32\CL.8048.write.1.tlog
F:\Games\FlappyBird\cocos2d\cocos\2d\Debug.win32\CL.8400.read.1.tlog
F:\Games\FlappyBird\cocos2d\cocos\2d\Debug.win32\CL.8400.write.1.tlog
F:\Games\FlappyBird\cocos2d\cocos\2d\Debug.win32\CL.8948.read.1.tlog
F:\Games\FlappyBird\cocos2d\cocos\2d\Debug.win32\CL.8948.write.1.tlog
F:\Games\FlappyBird\cocos2d\cocos\2d\Debug.win32\CL.8976.read.1.tlog
F:\Games\FlappyBird\cocos2d\cocos\2d\Debug.win32\CL.8976.write.1.tlog
F:\Games\FlappyBird\cocos2d\cocos\2d\Debug.win32\CL.9036.read.1.tlog
F:\Games\FlappyBird\cocos2d\cocos\2d\Debug.win32\CL.9036.write.1.tlog
F:\Games\FlappyBird\cocos2d\cocos\2d\Debug.win32\cl.command.1.tlog
F:\Games\FlappyBird\cocos2d\cocos\2d\Debug.win32\CL.read.1.tlog
F:\Games\FlappyBird\cocos2d\cocos\2d\Debug.win32\cl.write.1.tlog
F:\Games\FlappyBird\cocos2d\cocos\2d\Debug.win32\Lib-link.read.1.tlog
F:\Games\FlappyBird\cocos2d\cocos\2d\Debug.win32\Lib-link.write.1.tlog
F:\Games\FlappyBird\cocos2d\cocos\2d\Debug.win32\lib.command.1.tlog
F:\Games\FlappyBird\proj.win32\Debug.win32\libcocos2d.lib
