F:\GAMES\PIGROLL2\COCOS2D\COCOS\AUDIO\PROJ.WIN32\DEBUG.WIN32\VC110.PDB
F:\GAMES\FLAPPYBIRD\COCOS2D\COCOS\AUDIO\PROJ.WIN32\DEBUG.WIN32\SIMPLEAUDIOENGINE.OBJ
F:\GAMES\FLAPPYBIRD\COCOS2D\COCOS\AUDIO\PROJ.WIN32\DEBUG.WIN32\MCIPLAYER.OBJ
F:\GAMES\FLAPPYBIRD\COCOS2D\COCOS\AUDIO\PROJ.WIN32\DEBUG.WIN32\VC110.PDB
F:\GAMES\PIGROLL2\PROJ.WIN32\DEBUG.WIN32\LIBAUDIO.LIB
F:\GAMES\FLAPPYBIRD\PROJ.WIN32\DEBUG.WIN32\LIBAUDIO.LIB
F:\Games\FlappyBird\cocos2d\cocos\audio\proj.win32\Debug.win32\MciPlayer.obj
F:\Games\FlappyBird\cocos2d\cocos\audio\proj.win32\Debug.win32\SimpleAudioEngine.obj
F:\Games\FlappyBird\cocos2d\cocos\audio\proj.win32\Debug.win32\CL.10028.read.1.tlog
F:\Games\FlappyBird\cocos2d\cocos\audio\proj.win32\Debug.win32\CL.10028.write.1.tlog
F:\Games\FlappyBird\cocos2d\cocos\audio\proj.win32\Debug.win32\CL.11120.read.1.tlog
F:\Games\FlappyBird\cocos2d\cocos\audio\proj.win32\Debug.win32\CL.11120.write.1.tlog
F:\Games\FlappyBird\cocos2d\cocos\audio\proj.win32\Debug.win32\CL.17872.read.1.tlog
F:\Games\FlappyBird\cocos2d\cocos\audio\proj.win32\Debug.win32\CL.17872.write.1.tlog
F:\Games\FlappyBird\cocos2d\cocos\audio\proj.win32\Debug.win32\CL.20880.read.1.tlog
F:\Games\FlappyBird\cocos2d\cocos\audio\proj.win32\Debug.win32\CL.20880.write.1.tlog
F:\Games\FlappyBird\cocos2d\cocos\audio\proj.win32\Debug.win32\cl.command.1.tlog
F:\Games\FlappyBird\cocos2d\cocos\audio\proj.win32\Debug.win32\CL.read.1.tlog
F:\Games\FlappyBird\cocos2d\cocos\audio\proj.win32\Debug.win32\cl.write.1.tlog
F:\Games\FlappyBird\cocos2d\cocos\audio\proj.win32\Debug.win32\Lib-link.read.1.tlog
F:\Games\FlappyBird\cocos2d\cocos\audio\proj.win32\Debug.win32\Lib-link.write.1.tlog
F:\Games\FlappyBird\cocos2d\cocos\audio\proj.win32\Debug.win32\lib.command.1.tlog
F:\Games\FlappyBird\cocos2d\cocos\audio\proj.win32\Debug.win32\vc110.idb
F:\Games\FlappyBird\cocos2d\cocos\audio\proj.win32\Debug.win32\vc110.pdb
F:\Games\FlappyBird\proj.win32\Debug.win32\libAudio.lib
